[2019-02-15T20:01:28.142] [DEBUG] cheese - login => username:admin,password:123456
[2019-02-15T20:01:28.144] [DEBUG] cheese - admin
[2019-02-15T20:01:28.177] [DEBUG] cheese - null
[2019-02-15T20:01:28.179] [DEBUG] cheese - null
[2019-02-15T20:01:32.333] [DEBUG] cheese - login => username:admin,password:123456
[2019-02-15T20:01:32.334] [DEBUG] cheese - admin
[2019-02-15T20:01:32.339] [DEBUG] cheese - null
[2019-02-15T20:01:32.340] [DEBUG] cheese - null
[2019-02-19T09:37:52.649] [DEBUG] cheese - login => username:admin,password:123456
[2019-02-19T09:37:52.652] [DEBUG] cheese - admin
[2019-02-19T09:37:52.694] [DEBUG] cheese - null
[2019-02-19T09:37:52.694] [DEBUG] cheese - null
[2019-02-19T09:37:59.295] [DEBUG] cheese - login => username:admin,password:123456
[2019-02-19T09:37:59.296] [DEBUG] cheese - admin
[2019-02-19T09:37:59.305] [DEBUG] cheese - null
[2019-02-19T09:37:59.305] [DEBUG] cheese - null
[2019-02-19T09:43:39.349] [DEBUG] cheese - login => username:admin,password:123456
[2019-02-19T09:43:39.349] [DEBUG] cheese - admin
[2019-02-19T09:43:39.356] [DEBUG] cheese - null
[2019-02-19T09:43:39.356] [DEBUG] cheese - null
[2019-02-19T09:45:25.578] [DEBUG] cheese - login => username:admin,password:123456
[2019-02-19T09:45:25.578] [DEBUG] cheese - admin
[2019-02-19T09:45:25.582] [DEBUG] cheese - null
[2019-02-19T09:45:25.582] [DEBUG] cheese - null
[2019-02-19T09:47:37.996] [DEBUG] cheese - login => username:admin,password:123456
[2019-02-19T09:47:37.996] [DEBUG] cheese - admin
[2019-02-19T09:47:38.000] [DEBUG] cheese - null
[2019-02-19T09:47:38.000] [DEBUG] cheese - null
[2019-02-19T15:24:43.995] [DEBUG] cheese - login => username:admin,password:123456
[2019-02-19T15:24:43.995] [DEBUG] cheese - admin
[2019-02-19T15:24:44.009] [DEBUG] cheese - null
[2019-02-19T15:24:44.009] [DEBUG] cheese - null
[2019-02-19T15:26:37.076] [DEBUG] cheese - login => username:admin,password:123456
[2019-02-19T15:26:37.076] [DEBUG] cheese - admin
[2019-02-19T15:26:37.081] [DEBUG] cheese - null
[2019-02-19T15:26:37.082] [DEBUG] cheese - null
[2019-02-19T15:26:55.074] [DEBUG] cheese - login => username:admin,password:123456
[2019-02-19T15:26:55.074] [DEBUG] cheese - admin
[2019-02-19T15:26:55.084] [DEBUG] cheese - null
[2019-02-19T15:26:55.084] [DEBUG] cheese - null
[2019-02-19T15:56:46.723] [DEBUG] cheese - login => username:admin,password:123456
[2019-02-19T15:56:46.723] [DEBUG] cheese - admin
[2019-02-19T15:56:46.734] [DEBUG] cheese - null
[2019-02-19T15:56:46.734] [DEBUG] cheese - null
[2019-02-19T15:58:35.286] [DEBUG] cheese - login => username:admin,password:123456
[2019-02-19T15:58:35.286] [DEBUG] cheese - admin
[2019-02-19T15:58:35.289] [DEBUG] cheese - null
[2019-02-19T15:58:35.289] [DEBUG] cheese - null
[2019-02-19T17:55:32.637] [DEBUG] cheese - login => username:admin,password:123456
[2019-02-19T17:55:32.637] [DEBUG] cheese - admin
[2019-02-19T17:55:32.647] [DEBUG] cheese - null
[2019-02-19T17:55:32.647] [DEBUG] cheese - null
[2019-02-21T10:18:14.063] [DEBUG] cheese - login => username:admin,password:123456
[2019-02-21T10:18:14.070] [DEBUG] cheese - admin
[2019-02-21T10:18:14.148] [DEBUG] cheese - null
[2019-02-21T10:18:14.149] [DEBUG] cheese - null
[2019-02-21T11:25:47.489] [DEBUG] cheese - login => username:admin,password:123456
[2019-02-21T11:25:47.489] [DEBUG] cheese - admin
[2019-02-21T11:25:47.506] [DEBUG] cheese - null
[2019-02-21T11:25:47.506] [DEBUG] cheese - null
[2019-02-22T11:01:00.725] [DEBUG] cheese - login => username:admin,password:123456
[2019-02-22T11:01:00.727] [DEBUG] cheese - admin
[2019-02-22T11:01:00.770] [DEBUG] cheese - null
[2019-02-22T11:01:00.772] [DEBUG] cheese - null
[2019-02-22T14:28:55.378] [DEBUG] cheese - login => username:admin,password:123456
[2019-02-22T14:28:55.381] [DEBUG] cheese - admin
[2019-02-22T14:28:55.421] [DEBUG] cheese - null
[2019-02-22T14:28:55.422] [DEBUG] cheese - null
[2019-02-22T17:15:50.869] [DEBUG] cheese - login => username:admin,password:123456
[2019-02-22T17:15:50.870] [DEBUG] cheese - admin
[2019-02-22T17:15:50.877] [DEBUG] cheese - null
[2019-02-22T17:15:50.877] [DEBUG] cheese - null
[2019-02-24T11:35:12.324] [DEBUG] cheese - login => username:admin,password:123456
[2019-02-24T11:35:12.326] [DEBUG] cheese - admin
[2019-02-24T11:35:12.370] [DEBUG] cheese - null
[2019-02-24T11:35:12.371] [DEBUG] cheese - null
[2019-02-27T09:23:47.188] [DEBUG] cheese - login => username:admin,password:123456
[2019-02-27T09:23:47.190] [DEBUG] cheese - admin
[2019-02-27T09:23:47.223] [DEBUG] cheese - null
[2019-02-27T09:23:47.224] [DEBUG] cheese - null
[2019-02-28T09:50:57.906] [DEBUG] cheese - login => username:admin,password:123456
[2019-02-28T09:50:57.909] [DEBUG] cheese - admin
[2019-02-28T09:50:57.944] [DEBUG] cheese - null
[2019-02-28T09:50:57.945] [DEBUG] cheese - null
[2019-02-28T15:16:44.289] [DEBUG] cheese - null
[2019-02-28T15:17:00.618] [DEBUG] cheese - null
[2019-02-28T15:19:53.922] [DEBUG] cheese - null
[2019-02-28T15:22:24.314] [DEBUG] cheese - null
[2019-02-28T15:22:32.485] [DEBUG] cheese - null
[2019-02-28T15:22:40.802] [DEBUG] cheese - null
[2019-03-04T10:09:14.253] [DEBUG] cheese - login => username:admin,password:123456
[2019-03-04T10:09:14.255] [DEBUG] cheese - admin
[2019-03-04T10:09:14.295] [DEBUG] cheese - null
[2019-03-04T10:09:14.297] [DEBUG] cheese - null
[2019-03-05T11:12:05.616] [DEBUG] cheese - login => username:admin,password:123456
[2019-03-05T11:12:05.619] [DEBUG] cheese - admin
[2019-03-05T11:12:05.704] [DEBUG] cheese - null
[2019-03-05T11:12:05.705] [DEBUG] cheese - null
[2019-03-07T11:17:59.651] [DEBUG] cheese - login => username:admin,password:123456
[2019-03-07T11:17:59.653] [DEBUG] cheese - admin
[2019-03-07T11:17:59.696] [DEBUG] cheese - null
[2019-03-07T11:17:59.698] [DEBUG] cheese - null
[2019-03-11T11:01:25.302] [DEBUG] cheese - login => username:admin,password:123456
[2019-03-11T11:01:25.304] [DEBUG] cheese - admin
[2019-03-11T11:01:25.342] [DEBUG] cheese - null
[2019-03-11T11:01:25.343] [DEBUG] cheese - null
[2019-03-12T16:21:19.284] [DEBUG] cheese - login => username:admin,password:123456
[2019-03-12T16:21:19.287] [DEBUG] cheese - admin
[2019-03-12T16:21:19.327] [DEBUG] cheese - null
[2019-03-12T16:21:19.328] [DEBUG] cheese - null
[2019-03-13T13:01:03.746] [DEBUG] cheese - login => username:admin,password:123456
[2019-03-13T13:01:03.749] [DEBUG] cheese - admin
[2019-03-13T13:01:03.787] [DEBUG] cheese - null
[2019-03-13T13:01:03.788] [DEBUG] cheese - null
[2019-03-13T18:10:37.792] [DEBUG] cheese - login => username:admin,password:123456
[2019-03-13T18:10:37.792] [DEBUG] cheese - admin
[2019-03-13T18:10:37.798] [DEBUG] cheese - null
[2019-03-13T18:10:37.799] [DEBUG] cheese - null
[2019-03-14T09:52:27.182] [DEBUG] cheese - login => username:admin,password:123456
[2019-03-14T09:52:27.185] [DEBUG] cheese - admin
[2019-03-14T09:52:27.250] [DEBUG] cheese - null
[2019-03-14T09:52:27.252] [DEBUG] cheese - null
[2019-03-14T14:06:30.186] [DEBUG] cheese - login => username:admin,password:123456
[2019-03-14T14:06:30.187] [DEBUG] cheese - admin
[2019-03-14T14:06:30.192] [DEBUG] cheese - null
[2019-03-14T14:06:30.192] [DEBUG] cheese - null
[2019-03-18T10:37:32.940] [DEBUG] cheese - login => username:admin,password:123456
[2019-03-18T10:37:32.942] [DEBUG] cheese - admin
[2019-03-18T10:37:33.009] [DEBUG] cheese - null
[2019-03-18T10:37:33.012] [DEBUG] cheese - null
[2019-03-18T10:44:33.960] [DEBUG] cheese - login => username:admin,password:123456
[2019-03-18T10:44:33.960] [DEBUG] cheese - admin
[2019-03-18T10:44:33.965] [DEBUG] cheese - null
[2019-03-18T10:44:33.965] [DEBUG] cheese - null
[2019-03-18T11:10:26.359] [DEBUG] cheese - login => username:admin,password:123456
[2019-03-18T11:10:26.359] [DEBUG] cheese - admin
[2019-03-18T11:10:26.368] [DEBUG] cheese - null
[2019-03-18T11:10:26.368] [DEBUG] cheese - null
[2019-03-18T16:40:06.963] [DEBUG] cheese - login => username:admin,password:123456
[2019-03-18T16:40:06.963] [DEBUG] cheese - admin
[2019-03-18T16:40:06.990] [DEBUG] cheese - null
[2019-03-18T16:40:06.990] [DEBUG] cheese - null
[2019-03-18T16:44:12.003] [DEBUG] cheese - login => username:admin,password:123456
[2019-03-18T16:44:12.003] [DEBUG] cheese - admin
[2019-03-18T16:44:12.009] [DEBUG] cheese - null
[2019-03-18T16:44:12.009] [DEBUG] cheese - null
[2019-03-18T16:45:36.212] [DEBUG] cheese - login => username:admin,password:123456
[2019-03-18T16:45:36.213] [DEBUG] cheese - admin
[2019-03-18T16:45:36.218] [DEBUG] cheese - null
[2019-03-18T16:45:36.218] [DEBUG] cheese - null
[2019-03-18T16:53:31.337] [DEBUG] cheese - login => username:admin,password:123456
[2019-03-18T16:53:31.337] [DEBUG] cheese - admin
[2019-03-18T16:53:31.345] [DEBUG] cheese - null
[2019-03-18T16:53:31.345] [DEBUG] cheese - null
[2019-03-19T14:44:00.131] [DEBUG] cheese - login => username:admin,password:123456
[2019-03-19T14:44:00.136] [DEBUG] cheese - admin
[2019-03-19T14:44:00.195] [DEBUG] cheese - null
[2019-03-19T14:44:00.196] [DEBUG] cheese - null
[2019-03-19T15:54:15.897] [DEBUG] cheese - null
[2019-03-19T15:58:59.444] [DEBUG] cheese - null
[2019-03-19T21:36:04.485] [DEBUG] cheese - login => username:admin,password:123456
[2019-03-19T21:36:04.487] [DEBUG] cheese - admin
[2019-03-19T21:36:04.500] [DEBUG] cheese - null
[2019-03-19T21:36:04.502] [DEBUG] cheese - null
[2019-03-19T21:44:57.064] [DEBUG] cheese - login => username:admin,password:123456
[2019-03-19T21:44:57.065] [DEBUG] cheese - admin
[2019-03-19T21:44:57.068] [DEBUG] cheese - null
[2019-03-19T21:44:57.068] [DEBUG] cheese - null
[2019-03-20T11:00:25.466] [DEBUG] cheese - login => username:admin,password:123456
[2019-03-20T11:00:25.468] [DEBUG] cheese - admin
[2019-03-20T11:00:25.510] [DEBUG] cheese - null
[2019-03-20T11:00:25.511] [DEBUG] cheese - null
[2020-11-22T13:48:50.266] [DEBUG] cheese - login => username:11,password:22
[2020-11-22T13:48:50.273] [DEBUG] cheese - 11
[2020-11-22T13:48:50.282] [DEBUG] cheese - { inspect: [Function: inspect] }
[2020-11-22T13:48:50.284] [DEBUG] cheese - 查询失败
[2020-11-22T13:49:01.458] [DEBUG] cheese - login => username:admin,password:123456
[2020-11-22T13:49:01.458] [DEBUG] cheese - admin
[2020-11-22T13:49:01.460] [DEBUG] cheese - { inspect: [Function: inspect] }
[2020-11-22T13:49:01.461] [DEBUG] cheese - 查询失败
[2020-11-22T13:49:02.682] [DEBUG] cheese - login => username:admin,password:123456
[2020-11-22T13:49:02.682] [DEBUG] cheese - admin
[2020-11-22T13:49:02.684] [DEBUG] cheese - { inspect: [Function: inspect] }
[2020-11-22T13:49:02.685] [DEBUG] cheese - 查询失败
[2020-11-22T13:49:31.992] [DEBUG] cheese - login => username:admin,password:123456
[2020-11-22T13:49:31.992] [DEBUG] cheese - admin
[2020-11-22T13:49:31.997] [DEBUG] cheese - { inspect: [Function: inspect] }
[2020-11-22T13:49:31.997] [DEBUG] cheese - 查询失败
[2020-11-22T13:49:38.678] [DEBUG] cheese - login => username:admin,password:1234561
[2020-11-22T13:49:38.678] [DEBUG] cheese - admin
[2020-11-22T13:49:38.680] [DEBUG] cheese - { inspect: [Function: inspect] }
[2020-11-22T13:49:38.680] [DEBUG] cheese - 查询失败
[2020-11-22T13:51:05.956] [DEBUG] cheese - login => username:admin,password:123456
[2020-11-22T13:51:05.956] [DEBUG] cheese - admin
[2020-11-22T13:51:05.962] [DEBUG] cheese - null
[2020-11-22T13:51:05.962] [DEBUG] cheese - null
[2020-11-22T13:51:12.667] [DEBUG] cheese - login => username:admin,password:1234561
[2020-11-22T13:51:12.667] [DEBUG] cheese - admin
[2020-11-22T13:51:12.672] [DEBUG] cheese - null
[2020-11-22T13:51:12.672] [DEBUG] cheese - null
[2020-11-22T13:52:34.037] [DEBUG] cheese - login => username:admin,password:123456
[2020-11-22T13:52:34.040] [DEBUG] cheese - admin
[2020-11-22T13:52:34.049] [DEBUG] cheese - null
[2020-11-22T13:52:34.050] [DEBUG] cheese - null
[2020-11-22T13:55:43.866] [DEBUG] cheese - login => username:admin1,password:123456
[2020-11-22T13:55:43.867] [DEBUG] cheese - admin1
[2020-11-22T13:55:43.869] [DEBUG] cheese - null
[2020-11-22T13:55:43.869] [DEBUG] cheese - null
[2020-11-23T00:31:37.600] [DEBUG] cheese - login => username:111,password:1111
[2020-11-23T00:31:37.601] [DEBUG] cheese - 111
[2020-11-23T00:31:37.609] [DEBUG] cheese - null
[2020-11-23T00:31:37.610] [DEBUG] cheese - null
[2020-11-23T00:35:32.422] [DEBUG] cheese - login => username:1111,password:11
[2020-11-23T00:35:32.422] [DEBUG] cheese - 1111
[2020-11-23T00:35:32.425] [DEBUG] cheese - null
[2020-11-23T00:35:32.425] [DEBUG] cheese - null
[2020-11-23T00:35:42.958] [DEBUG] cheese - login => username:admin,password:123456
[2020-11-23T00:35:42.958] [DEBUG] cheese - admin
[2020-11-23T00:35:42.963] [DEBUG] cheese - null
[2020-11-23T00:35:42.963] [DEBUG] cheese - null
[2020-11-23T00:50:51.472] [DEBUG] cheese - login => username:1111,password:1111
[2020-11-23T00:50:51.473] [DEBUG] cheese - 1111
[2020-11-23T00:50:51.476] [DEBUG] cheese - null
[2020-11-23T00:50:51.476] [DEBUG] cheese - null
[2020-11-23T00:51:00.068] [DEBUG] cheese - login => username:admin,password:123456
[2020-11-23T00:51:00.068] [DEBUG] cheese - admin
[2020-11-23T00:51:00.071] [DEBUG] cheese - null
[2020-11-23T00:51:00.071] [DEBUG] cheese - null
[2020-11-23T01:06:35.628] [DEBUG] cheese - login => username:admin,password:123456
[2020-11-23T01:06:35.628] [DEBUG] cheese - admin
[2020-11-23T01:06:35.631] [DEBUG] cheese - null
[2020-11-23T01:06:35.631] [DEBUG] cheese - null
[2020-11-23T01:16:08.836] [DEBUG] cheese - login => username:admin,password:123456
[2020-11-23T01:16:08.836] [DEBUG] cheese - admin
[2020-11-23T01:16:08.839] [DEBUG] cheese - null
[2020-11-23T01:16:08.839] [DEBUG] cheese - null
[2020-11-23T01:29:10.323] [DEBUG] cheese - login => username:admin,password:123456
[2020-11-23T01:29:10.323] [DEBUG] cheese - admin
[2020-11-23T01:29:10.326] [DEBUG] cheese - null
[2020-11-23T01:29:10.326] [DEBUG] cheese - null
[2020-11-23T01:36:55.581] [DEBUG] cheese - login => username:admin,password:123456
[2020-11-23T01:36:55.581] [DEBUG] cheese - admin
[2020-11-23T01:36:55.583] [DEBUG] cheese - null
[2020-11-23T01:36:55.583] [DEBUG] cheese - null
[2020-11-23T08:27:53.570] [DEBUG] cheese - login => username:admin,password:123456
[2020-11-23T08:27:53.572] [DEBUG] cheese - admin
[2020-11-23T08:27:53.797] [DEBUG] cheese - null
[2020-11-23T08:27:53.799] [DEBUG] cheese - null
[2020-11-23T08:56:56.980] [DEBUG] cheese - login => username:admin,password:123456
[2020-11-23T08:56:56.981] [DEBUG] cheese - admin
[2020-11-23T08:56:57.291] [DEBUG] cheese - null
[2020-11-23T08:56:57.293] [DEBUG] cheese - null
[2020-11-23T09:00:39.183] [DEBUG] cheese - login => username:admin,password:123456
[2020-11-23T09:00:39.183] [DEBUG] cheese - admin
[2020-11-23T09:00:39.187] [DEBUG] cheese - null
[2020-11-23T09:00:39.187] [DEBUG] cheese - null
[2020-11-23T09:02:09.241] [DEBUG] cheese - login => username:admin,password:123456
[2020-11-23T09:02:09.241] [DEBUG] cheese - admin
[2020-11-23T09:02:09.243] [DEBUG] cheese - null
[2020-11-23T09:02:09.243] [DEBUG] cheese - null
[2020-11-23T09:06:00.963] [DEBUG] cheese - login => username:admin,password:123456
[2020-11-23T09:06:00.963] [DEBUG] cheese - admin
[2020-11-23T09:06:00.966] [DEBUG] cheese - null
[2020-11-23T09:06:00.966] [DEBUG] cheese - null
[2020-11-23T09:07:59.281] [DEBUG] cheese - login => username:admin,password:123456
[2020-11-23T09:07:59.282] [DEBUG] cheese - admin
[2020-11-23T09:07:59.284] [DEBUG] cheese - null
[2020-11-23T09:07:59.284] [DEBUG] cheese - null
[2020-11-23T09:09:19.996] [DEBUG] cheese - login => username:admin,password:123456
[2020-11-23T09:09:19.996] [DEBUG] cheese - admin
[2020-11-23T09:09:19.998] [DEBUG] cheese - null
[2020-11-23T09:09:19.998] [DEBUG] cheese - null
[2020-11-23T09:11:04.111] [DEBUG] cheese - login => username:admin,password:123456
[2020-11-23T09:11:04.112] [DEBUG] cheese - admin
[2020-11-23T09:11:04.114] [DEBUG] cheese - null
[2020-11-23T09:11:04.114] [DEBUG] cheese - null
[2020-11-23T09:17:46.660] [DEBUG] cheese - login => username:admin,password:123456
[2020-11-23T09:17:46.660] [DEBUG] cheese - admin
[2020-11-23T09:17:46.662] [DEBUG] cheese - null
[2020-11-23T09:17:46.662] [DEBUG] cheese - null
[2020-11-23T09:36:31.192] [DEBUG] cheese - login => username:admin,password:123456
[2020-11-23T09:36:31.192] [DEBUG] cheese - admin
[2020-11-23T09:36:31.196] [DEBUG] cheese - null
[2020-11-23T09:36:31.196] [DEBUG] cheese - null
[2020-11-23T09:36:44.400] [DEBUG] cheese - login => username:admin,password:123456
[2020-11-23T09:36:44.400] [DEBUG] cheese - admin
[2020-11-23T09:36:44.403] [DEBUG] cheese - null
[2020-11-23T09:36:44.403] [DEBUG] cheese - null
[2020-11-23T10:49:45.604] [DEBUG] cheese - login => username:admin,password:123456
[2020-11-23T10:49:45.604] [DEBUG] cheese - admin
[2020-11-23T10:49:45.608] [DEBUG] cheese - null
[2020-11-23T10:49:45.608] [DEBUG] cheese - null
[2020-11-23T14:15:57.121] [DEBUG] cheese - login => username:admin,password:123456
[2020-11-23T14:15:57.122] [DEBUG] cheese - admin
[2020-11-23T14:15:57.125] [DEBUG] cheese - null
[2020-11-23T14:15:57.125] [DEBUG] cheese - null
[2020-11-23T14:54:38.263] [DEBUG] cheese - login => username:admin,password:123456
[2020-11-23T14:54:38.263] [DEBUG] cheese - admin
[2020-11-23T14:54:38.266] [DEBUG] cheese - null
[2020-11-23T14:54:38.266] [DEBUG] cheese - null
[2020-11-23T15:42:48.212] [DEBUG] cheese - login => username:admin,password:123456
[2020-11-23T15:42:48.212] [DEBUG] cheese - admin
[2020-11-23T15:42:48.214] [DEBUG] cheese - null
[2020-11-23T15:42:48.214] [DEBUG] cheese - null
[2020-11-23T22:38:17.320] [DEBUG] cheese - login => username:admin,password:123456
[2020-11-23T22:38:17.320] [DEBUG] cheese - admin
[2020-11-23T22:38:17.322] [DEBUG] cheese - null
[2020-11-23T22:38:17.322] [DEBUG] cheese - null
[2020-11-23T22:47:04.888] [DEBUG] cheese - login => username:admin,password:123456
[2020-11-23T22:47:04.889] [DEBUG] cheese - admin
[2020-11-23T22:47:04.892] [DEBUG] cheese - null
[2020-11-23T22:47:04.892] [DEBUG] cheese - null
[2020-11-23T22:53:20.993] [DEBUG] cheese - login => username:admin,password:123456
[2020-11-23T22:53:20.993] [DEBUG] cheese - admin
[2020-11-23T22:53:20.995] [DEBUG] cheese - null
[2020-11-23T22:53:20.995] [DEBUG] cheese - null
[2020-11-23T23:31:15.660] [DEBUG] cheese - login => username:admin,password:123456
[2020-11-23T23:31:15.660] [DEBUG] cheese - admin
[2020-11-23T23:31:15.662] [DEBUG] cheese - null
[2020-11-23T23:31:15.662] [DEBUG] cheese - null
[2020-11-24T01:24:29.758] [DEBUG] cheese - login => username:admin,password:123456
[2020-11-24T01:24:29.758] [DEBUG] cheese - admin
[2020-11-24T01:24:29.760] [DEBUG] cheese - null
[2020-11-24T01:24:29.760] [DEBUG] cheese - null
[2020-11-24T01:25:49.509] [DEBUG] cheese - login => username:admin,password:123456
[2020-11-24T01:25:49.509] [DEBUG] cheese - admin
[2020-11-24T01:25:49.510] [DEBUG] cheese - null
[2020-11-24T01:25:49.510] [DEBUG] cheese - null
[2020-11-24T01:25:54.747] [DEBUG] cheese - login => username:admin,password:123456
[2020-11-24T01:25:54.747] [DEBUG] cheese - admin
[2020-11-24T01:25:54.750] [DEBUG] cheese - null
[2020-11-24T01:25:54.750] [DEBUG] cheese - null
[2020-11-24T01:26:11.324] [DEBUG] cheese - login => username:admin,password:123456
[2020-11-24T01:26:11.324] [DEBUG] cheese - admin
[2020-11-24T01:26:11.327] [DEBUG] cheese - null
[2020-11-24T01:26:11.327] [DEBUG] cheese - null
[2020-11-24T01:26:14.538] [DEBUG] cheese - login => username:admin,password:123456
[2020-11-24T01:26:14.539] [DEBUG] cheese - admin
[2020-11-24T01:26:14.541] [DEBUG] cheese - null
[2020-11-24T01:26:14.541] [DEBUG] cheese - null
[2020-11-24T01:26:22.660] [DEBUG] cheese - login => username:admin,password:123456
[2020-11-24T01:26:22.661] [DEBUG] cheese - admin
[2020-11-24T01:26:22.662] [DEBUG] cheese - null
[2020-11-24T01:26:22.662] [DEBUG] cheese - null
[2020-11-24T01:26:30.626] [DEBUG] cheese - login => username:admin,password:123456
[2020-11-24T01:26:30.626] [DEBUG] cheese - admin
[2020-11-24T01:26:30.629] [DEBUG] cheese - null
[2020-11-24T01:26:30.630] [DEBUG] cheese - null
[2020-11-24T09:05:11.685] [DEBUG] cheese - login => username:admin,password:123456
[2020-11-24T09:05:11.687] [DEBUG] cheese - admin
[2020-11-24T09:05:11.742] [DEBUG] cheese - null
[2020-11-24T09:05:11.742] [DEBUG] cheese - null
[2020-11-27T00:07:57.936] [DEBUG] cheese - login => username:admin,password:123456
[2020-11-27T00:07:57.938] [DEBUG] cheese - admin
[2020-11-27T00:07:57.973] [DEBUG] cheese - null
[2020-11-27T00:07:57.973] [DEBUG] cheese - null
[2020-12-02T18:17:32.949] [DEBUG] cheese - login => username:admin,password:123456
[2020-12-02T18:17:32.951] [DEBUG] cheese - admin
[2020-12-02T18:17:33.125] [DEBUG] cheese - null
[2020-12-02T18:17:33.125] [DEBUG] cheese - null
[2020-12-02T18:22:21.422] [DEBUG] cheese - login => username:admin,password:123456
[2020-12-02T18:22:21.422] [DEBUG] cheese - admin
[2020-12-02T18:22:21.424] [DEBUG] cheese - null
[2020-12-02T18:22:21.424] [DEBUG] cheese - null
[2020-12-19T23:55:20.143] [DEBUG] cheese - login => username:admin,password:123456
[2020-12-19T23:55:20.144] [DEBUG] cheese - admin
[2020-12-19T23:55:20.573] [DEBUG] cheese - null
[2020-12-19T23:55:20.574] [DEBUG] cheese - null
[2021-01-15T11:15:10.060] [DEBUG] cheese - login => username:admin,password:123456
[2021-01-15T11:15:10.062] [DEBUG] cheese - admin
[2021-01-15T11:15:10.276] [DEBUG] cheese - null
[2021-01-15T11:15:10.277] [DEBUG] cheese - null
[2021-01-15T20:36:12.119] [DEBUG] cheese - login => username:admin,password:123456
[2021-01-15T20:36:12.120] [DEBUG] cheese - admin
[2021-01-15T20:36:12.125] [DEBUG] cheese - null
[2021-01-15T20:36:12.125] [DEBUG] cheese - null
[2021-01-18T16:52:02.840] [DEBUG] cheese - login => username:admin,password:123456
[2021-01-18T16:52:02.842] [DEBUG] cheese - admin
[2021-01-18T16:52:02.969] [DEBUG] cheese - null
[2021-01-18T16:52:02.970] [DEBUG] cheese - null
[2021-01-18T17:06:22.827] [DEBUG] cheese - login => username:admin,password:123456
[2021-01-18T17:06:22.827] [DEBUG] cheese - admin
[2021-01-18T17:06:22.830] [DEBUG] cheese - null
[2021-01-18T17:06:22.830] [DEBUG] cheese - null
[2021-01-19T13:25:42.715] [DEBUG] cheese - login => username:admin,password:123456
[2021-01-19T13:25:42.716] [DEBUG] cheese - admin
[2021-01-19T13:25:42.723] [DEBUG] cheese - null
[2021-01-19T13:25:42.723] [DEBUG] cheese - null
[2021-01-19T14:31:07.947] [DEBUG] cheese - login => username:admin,password:123456
[2021-01-19T14:31:07.947] [DEBUG] cheese - admin
[2021-01-19T14:31:07.950] [DEBUG] cheese - null
[2021-01-19T14:31:07.950] [DEBUG] cheese - null
[2021-01-19T22:50:20.118] [DEBUG] cheese - null
[2021-01-19T22:52:06.189] [DEBUG] cheese - null
[2021-01-19T22:54:25.596] [DEBUG] cheese - null
[2021-01-19T22:54:34.677] [DEBUG] cheese - null
[2021-01-19T23:05:48.422] [DEBUG] cheese - null
[2021-01-21T00:46:04.539] [DEBUG] cheese - login => username:admin,password:123456
[2021-01-21T00:46:04.540] [DEBUG] cheese - admin
[2021-01-21T00:46:04.578] [DEBUG] cheese - null
[2021-01-21T00:46:04.578] [DEBUG] cheese - null
[2021-02-02T02:26:32.531] [DEBUG] cheese - login => username:admin,password:123456
[2021-02-02T02:26:32.532] [DEBUG] cheese - admin
[2021-02-02T02:26:32.912] [DEBUG] cheese - null
[2021-02-02T02:26:32.912] [DEBUG] cheese - null
[2021-02-02T03:06:33.978] [DEBUG] cheese - login => username:admin,password:123456
[2021-02-02T03:06:33.978] [DEBUG] cheese - admin
[2021-02-02T03:06:33.981] [DEBUG] cheese - null
[2021-02-02T03:06:33.981] [DEBUG] cheese - null
[2021-02-02T03:06:56.983] [DEBUG] cheese - login => username:admin,password:123456
[2021-02-02T03:06:56.983] [DEBUG] cheese - admin
[2021-02-02T03:06:56.985] [DEBUG] cheese - null
[2021-02-02T03:06:56.985] [DEBUG] cheese - null
[2021-02-02T03:07:08.102] [DEBUG] cheese - login => username:admin,password:123456
[2021-02-02T03:07:08.102] [DEBUG] cheese - admin
[2021-02-02T03:07:08.104] [DEBUG] cheese - null
[2021-02-02T03:07:08.104] [DEBUG] cheese - null
[2021-02-02T19:46:53.739] [DEBUG] cheese - login => username:admin,password:123456
[2021-02-02T19:46:53.743] [DEBUG] cheese - admin
[2021-02-02T19:46:53.805] [DEBUG] cheese - null
[2021-02-02T19:46:53.806] [DEBUG] cheese - null
[2021-02-03T13:55:47.220] [DEBUG] cheese - login => username:admin,password:123456
[2021-02-03T13:55:47.221] [DEBUG] cheese - admin
[2021-02-03T13:55:47.439] [DEBUG] cheese - null
[2021-02-03T13:55:47.440] [DEBUG] cheese - null
[2021-02-04T18:21:39.063] [DEBUG] cheese - login => username:admin,password:123456
[2021-02-04T18:21:39.066] [DEBUG] cheese - admin
[2021-02-04T18:21:39.242] [DEBUG] cheese - null
[2021-02-04T18:21:39.242] [DEBUG] cheese - null
[2021-02-05T14:49:10.684] [DEBUG] cheese - login => username:admin,password:123456
[2021-02-05T14:49:10.685] [DEBUG] cheese - admin
[2021-02-05T14:49:10.814] [DEBUG] cheese - null
[2021-02-05T14:49:10.815] [DEBUG] cheese - null
[2021-02-06T16:08:12.452] [DEBUG] cheese - login => username:admin,password:123456
[2021-02-06T16:08:12.454] [DEBUG] cheese - admin
[2021-02-06T16:08:12.585] [DEBUG] cheese - null
[2021-02-06T16:08:12.586] [DEBUG] cheese - null
[2021-02-07T13:30:04.484] [DEBUG] cheese - login => username:admin,password:123456
[2021-02-07T13:30:04.486] [DEBUG] cheese - admin
[2021-02-07T13:30:04.717] [DEBUG] cheese - null
[2021-02-07T13:30:04.718] [DEBUG] cheese - null
[2021-02-15T14:05:01.568] [DEBUG] cheese - login => username:admin,password:123456
[2021-02-15T14:05:01.570] [DEBUG] cheese - admin
[2021-02-15T14:05:01.863] [DEBUG] cheese - null
[2021-02-15T14:05:01.863] [DEBUG] cheese - null
[2021-02-16T13:46:24.773] [DEBUG] cheese - login => username:admin,password:123456
[2021-02-16T13:46:24.775] [DEBUG] cheese - admin
[2021-02-16T13:46:24.824] [DEBUG] cheese - null
[2021-02-16T13:46:24.824] [DEBUG] cheese - null
[2021-02-16T14:11:13.740] [DEBUG] cheese - null
[2021-02-16T18:50:41.357] [DEBUG] cheese - login => username:admin,password:123456
[2021-02-16T18:50:41.359] [DEBUG] cheese - admin
[2021-02-16T18:50:41.369] [DEBUG] cheese - null
[2021-02-16T18:50:41.370] [DEBUG] cheese - null
[2021-02-16T18:53:20.850] [DEBUG] cheese - login => username:admin,password:123456
[2021-02-16T18:53:20.852] [DEBUG] cheese - admin
[2021-02-16T18:53:20.862] [DEBUG] cheese - null
[2021-02-16T18:53:20.863] [DEBUG] cheese - null
[2021-02-21T23:11:50.677] [DEBUG] cheese - login => username:admin,password:123456
[2021-02-21T23:11:50.678] [DEBUG] cheese - admin
[2021-02-21T23:11:50.955] [DEBUG] cheese - null
[2021-02-21T23:11:50.956] [DEBUG] cheese - null
[2021-02-21T23:23:05.025] [DEBUG] cheese - login => username:admin,password:123456
[2021-02-21T23:23:05.025] [DEBUG] cheese - admin
[2021-02-21T23:23:05.028] [DEBUG] cheese - null
[2021-02-21T23:23:05.028] [DEBUG] cheese - null
[2021-02-21T23:32:41.138] [DEBUG] cheese - login => username:admin,password:123456
[2021-02-21T23:32:41.139] [DEBUG] cheese - admin
[2021-02-21T23:32:41.142] [DEBUG] cheese - null
[2021-02-21T23:32:41.142] [DEBUG] cheese - null
[2021-02-22T10:09:00.877] [DEBUG] cheese - login => username:admin,password:123456
[2021-02-22T10:09:00.878] [DEBUG] cheese - admin
[2021-02-22T10:09:02.024] [DEBUG] cheese - null
[2021-02-22T10:09:02.025] [DEBUG] cheese - null
[2021-02-22T10:19:48.921] [DEBUG] cheese - login => username:admin,password:123456
[2021-02-22T10:19:48.922] [DEBUG] cheese - admin
[2021-02-22T10:19:48.924] [DEBUG] cheese - null
[2021-02-22T10:19:48.924] [DEBUG] cheese - null
[2021-02-22T11:17:27.705] [DEBUG] cheese - login => username:admin,password:123456
[2021-02-22T11:17:27.705] [DEBUG] cheese - admin
[2021-02-22T11:17:27.710] [DEBUG] cheese - null
[2021-02-22T11:17:27.710] [DEBUG] cheese - null
[2021-02-23T14:33:51.505] [DEBUG] cheese - login => username:admin,password:123456
[2021-02-23T14:33:51.507] [DEBUG] cheese - admin
[2021-02-23T14:33:51.735] [DEBUG] cheese - null
[2021-02-23T14:33:51.736] [DEBUG] cheese - null
[2021-02-23T23:54:31.971] [DEBUG] cheese - login => username:admin,password:123456
[2021-02-23T23:54:31.973] [DEBUG] cheese - admin
[2021-02-23T23:54:32.204] [DEBUG] cheese - null
[2021-02-23T23:54:32.204] [DEBUG] cheese - null
[2021-02-24T00:10:34.049] [DEBUG] cheese - login => username:admin,password:123456
[2021-02-24T00:10:34.049] [DEBUG] cheese - admin
[2021-02-24T00:10:34.051] [DEBUG] cheese - null
[2021-02-24T00:10:34.051] [DEBUG] cheese - null
[2021-02-24T00:25:46.151] [DEBUG] cheese - login => username:admin,password:123456
[2021-02-24T00:25:46.153] [DEBUG] cheese - admin
[2021-02-24T00:25:46.157] [DEBUG] cheese - null
[2021-02-24T00:25:46.158] [DEBUG] cheese - null
[2021-02-24T10:53:33.014] [DEBUG] cheese - login => username:admin,password:123456
[2021-02-24T10:53:33.015] [DEBUG] cheese - admin
[2021-02-24T10:53:33.207] [DEBUG] cheese - null
[2021-02-24T10:53:33.208] [DEBUG] cheese - null
[2021-02-24T11:12:16.604] [DEBUG] cheese - login => username:admin,password:123456
[2021-02-24T11:12:16.605] [DEBUG] cheese - admin
[2021-02-24T11:12:16.608] [DEBUG] cheese - null
[2021-02-24T11:12:16.608] [DEBUG] cheese - null
[2021-02-24T11:40:31.594] [DEBUG] cheese - login => username:admin,password:123456
[2021-02-24T11:40:31.595] [DEBUG] cheese - admin
[2021-02-24T11:40:31.601] [DEBUG] cheese - null
[2021-02-24T11:40:31.601] [DEBUG] cheese - null
[2021-02-24T11:43:03.804] [DEBUG] cheese - login => username:admin,password:123456
[2021-02-24T11:43:03.804] [DEBUG] cheese - admin
[2021-02-24T11:43:03.809] [DEBUG] cheese - null
[2021-02-24T11:43:03.809] [DEBUG] cheese - null
[2021-02-24T11:50:38.933] [DEBUG] cheese - login => username:admin,password:123456
[2021-02-24T11:50:38.934] [DEBUG] cheese - admin
[2021-02-24T11:50:38.935] [DEBUG] cheese - null
[2021-02-24T11:50:38.936] [DEBUG] cheese - null
[2021-02-24T12:02:46.285] [DEBUG] cheese - login => username:admin,password:123456
[2021-02-24T12:02:46.285] [DEBUG] cheese - admin
[2021-02-24T12:02:46.287] [DEBUG] cheese - null
[2021-02-24T12:02:46.287] [DEBUG] cheese - null
[2021-02-24T12:16:39.810] [DEBUG] cheese - login => username:admin,password:123456
[2021-02-24T12:16:39.813] [DEBUG] cheese - admin
[2021-02-24T12:16:39.818] [DEBUG] cheese - null
[2021-02-24T12:16:39.818] [DEBUG] cheese - null
[2021-02-24T12:22:31.431] [DEBUG] cheese - login => username:admin,password:123456
[2021-02-24T12:22:31.431] [DEBUG] cheese - admin
[2021-02-24T12:22:31.439] [DEBUG] cheese - null
[2021-02-24T12:22:31.439] [DEBUG] cheese - null
[2021-02-24T12:24:15.828] [DEBUG] cheese - login => username:admin,password:123456
[2021-02-24T12:24:15.828] [DEBUG] cheese - admin
[2021-02-24T12:24:15.830] [DEBUG] cheese - null
[2021-02-24T12:24:15.830] [DEBUG] cheese - null
[2021-02-24T14:00:20.395] [DEBUG] cheese - login => username:admin,password:123456
[2021-02-24T14:00:20.397] [DEBUG] cheese - admin
[2021-02-24T14:00:20.406] [DEBUG] cheese - null
[2021-02-24T14:00:20.406] [DEBUG] cheese - null
[2021-02-24T14:01:52.167] [DEBUG] cheese - login => username:admin,password:123456
[2021-02-24T14:01:52.168] [DEBUG] cheese - admin
[2021-02-24T14:01:52.174] [DEBUG] cheese - null
[2021-02-24T14:01:52.174] [DEBUG] cheese - null
[2021-02-24T14:02:23.394] [DEBUG] cheese - login => username:admin,password:123456
[2021-02-24T14:02:23.394] [DEBUG] cheese - admin
[2021-02-24T14:02:23.395] [DEBUG] cheese - null
[2021-02-24T14:02:23.396] [DEBUG] cheese - null
[2021-02-24T14:03:40.455] [DEBUG] cheese - login => username:admin,password:123456
[2021-02-24T14:03:40.455] [DEBUG] cheese - admin
[2021-02-24T14:03:40.459] [DEBUG] cheese - null
[2021-02-24T14:03:40.459] [DEBUG] cheese - null
[2021-02-24T14:05:54.499] [DEBUG] cheese - login => username:admin,password:123456
[2021-02-24T14:05:54.501] [DEBUG] cheese - admin
[2021-02-24T14:05:54.505] [DEBUG] cheese - null
[2021-02-24T14:05:54.505] [DEBUG] cheese - null
[2021-02-24T14:07:03.311] [DEBUG] cheese - login => username:admin,password:123456
[2021-02-24T14:07:03.312] [DEBUG] cheese - admin
[2021-02-24T14:07:03.317] [DEBUG] cheese - null
[2021-02-24T14:07:03.318] [DEBUG] cheese - null
[2021-02-24T14:09:29.128] [DEBUG] cheese - login => username:admin,password:123456
[2021-02-24T14:09:29.128] [DEBUG] cheese - admin
[2021-02-24T14:09:29.134] [DEBUG] cheese - null
[2021-02-24T14:09:29.134] [DEBUG] cheese - null
[2021-02-24T14:15:46.703] [DEBUG] cheese - login => username:admin,password:123456
[2021-02-24T14:15:46.705] [DEBUG] cheese - admin
[2021-02-24T14:15:46.709] [DEBUG] cheese - null
[2021-02-24T14:15:46.710] [DEBUG] cheese - null
[2021-02-24T14:16:18.061] [DEBUG] cheese - login => username:admin,password:123456
[2021-02-24T14:16:18.061] [DEBUG] cheese - admin
[2021-02-24T14:16:18.064] [DEBUG] cheese - null
[2021-02-24T14:16:18.064] [DEBUG] cheese - null
[2021-02-24T20:01:58.130] [DEBUG] cheese - login => username:admin,password:123456
[2021-02-24T20:01:58.130] [DEBUG] cheese - admin
[2021-02-24T20:01:58.136] [DEBUG] cheese - null
[2021-02-24T20:01:58.136] [DEBUG] cheese - null
[2021-02-24T20:14:29.605] [DEBUG] cheese - login => username:admin,password:123456
[2021-02-24T20:14:29.605] [DEBUG] cheese - admin
[2021-02-24T20:14:29.608] [DEBUG] cheese - null
[2021-02-24T20:14:29.608] [DEBUG] cheese - null
[2021-02-24T21:05:40.863] [DEBUG] cheese - login => username:admin,password:123456
[2021-02-24T21:05:40.863] [DEBUG] cheese - admin
[2021-02-24T21:05:40.874] [DEBUG] cheese - null
[2021-02-24T21:05:40.874] [DEBUG] cheese - null
[2021-02-24T21:07:38.879] [DEBUG] cheese - login => username:admin,password:123456
[2021-02-24T21:07:38.880] [DEBUG] cheese - admin
[2021-02-24T21:07:38.884] [DEBUG] cheese - null
[2021-02-24T21:07:38.885] [DEBUG] cheese - null
[2021-02-25T12:17:50.066] [DEBUG] cheese - login => username:admin,password:123456
[2021-02-25T12:17:50.068] [DEBUG] cheese - admin
[2021-02-25T12:17:50.128] [DEBUG] cheese - null
[2021-02-25T12:17:50.128] [DEBUG] cheese - null
[2021-03-02T11:35:38.752] [DEBUG] cheese - login => username:admin,password:123456
[2021-03-02T11:35:38.754] [DEBUG] cheese - admin
[2021-03-02T11:35:39.067] [DEBUG] cheese - null
[2021-03-02T11:35:39.067] [DEBUG] cheese - null
[2021-03-04T11:04:00.058] [DEBUG] cheese - login => username:admin,password:123456
[2021-03-04T11:04:00.059] [DEBUG] cheese - admin
[2021-03-04T11:04:00.123] [DEBUG] cheese - null
[2021-03-04T11:04:00.123] [DEBUG] cheese - null
[2021-03-04T11:09:52.213] [DEBUG] cheese - login => username:admin,password:123456
[2021-03-04T11:09:52.215] [DEBUG] cheese - admin
[2021-03-04T11:09:52.218] [DEBUG] cheese - null
[2021-03-04T11:09:52.219] [DEBUG] cheese - null
[2021-03-04T11:10:18.112] [DEBUG] cheese - login => username:admin,password:123456
[2021-03-04T11:10:18.112] [DEBUG] cheese - admin
[2021-03-04T11:10:18.114] [DEBUG] cheese - null
[2021-03-04T11:10:18.114] [DEBUG] cheese - null
[2021-03-04T11:10:39.825] [DEBUG] cheese - login => username:admin,password:123456
[2021-03-04T11:10:39.825] [DEBUG] cheese - admin
[2021-03-04T11:10:39.827] [DEBUG] cheese - null
[2021-03-04T11:10:39.827] [DEBUG] cheese - null
[2021-03-05T19:30:42.565] [DEBUG] cheese - login => username:admin,password:123456
[2021-03-05T19:30:42.566] [DEBUG] cheese - admin
[2021-03-05T19:30:42.727] [DEBUG] cheese - null
[2021-03-05T19:30:42.728] [DEBUG] cheese - null
[2021-03-05T19:31:43.245] [DEBUG] cheese - login => username:admin,password:123456
[2021-03-05T19:31:43.246] [DEBUG] cheese - admin
[2021-03-05T19:31:43.250] [DEBUG] cheese - null
[2021-03-05T19:31:43.250] [DEBUG] cheese - null
[2021-03-05T19:35:09.758] [DEBUG] cheese - login => username:admin,password:123456
[2021-03-05T19:35:09.758] [DEBUG] cheese - admin
[2021-03-05T19:35:09.761] [DEBUG] cheese - null
[2021-03-05T19:35:09.762] [DEBUG] cheese - null
[2021-03-07T00:07:25.984] [DEBUG] cheese - login => username:admin,password:123456
[2021-03-07T00:07:25.986] [DEBUG] cheese - admin
[2021-03-07T00:07:26.028] [DEBUG] cheese - null
[2021-03-07T00:13:26.593] [DEBUG] cheese - login => username:admin,password:123456
[2021-03-07T00:13:26.596] [DEBUG] cheese - admin
[2021-03-07T00:13:26.607] [DEBUG] cheese - null
[2021-03-07T00:13:26.608] [DEBUG] cheese - null
[2021-03-07T00:13:35.797] [DEBUG] cheese - login => username:admin,password:123456
[2021-03-07T00:13:35.797] [DEBUG] cheese - admin
[2021-03-07T00:13:35.799] [DEBUG] cheese - null
[2021-03-07T00:13:35.800] [DEBUG] cheese - null
[2021-03-07T13:01:36.080] [DEBUG] cheese - login => username:admin,password:123456
[2021-03-07T13:01:36.081] [DEBUG] cheese - admin
[2021-03-07T13:01:36.123] [DEBUG] cheese - null
[2021-03-07T13:01:36.124] [DEBUG] cheese - null
[2021-03-07T13:01:40.377] [DEBUG] cheese - login => username:admin,password:123456
[2021-03-07T13:01:40.377] [DEBUG] cheese - admin
[2021-03-07T13:01:40.379] [DEBUG] cheese - null
[2021-03-07T13:01:40.379] [DEBUG] cheese - null
[2021-03-07T13:04:06.377] [DEBUG] cheese - login => username:admin,password:123456
[2021-03-07T13:04:06.378] [DEBUG] cheese - admin
[2021-03-07T13:04:06.380] [DEBUG] cheese - null
[2021-03-07T13:04:06.380] [DEBUG] cheese - null
[2021-03-07T13:04:12.452] [DEBUG] cheese - login => username:admin,password:123456
[2021-03-07T13:04:12.452] [DEBUG] cheese - admin
[2021-03-07T13:04:12.463] [DEBUG] cheese - null
[2021-03-07T13:04:12.463] [DEBUG] cheese - null
[2021-03-07T13:04:34.667] [DEBUG] cheese - login => username:admin,password:123456
[2021-03-07T13:04:34.667] [DEBUG] cheese - admin
[2021-03-07T13:04:34.671] [DEBUG] cheese - null
[2021-03-07T13:04:34.671] [DEBUG] cheese - null
[2021-03-07T13:04:37.049] [DEBUG] cheese - login => username:admin,password:123456
[2021-03-07T13:04:37.049] [DEBUG] cheese - admin
[2021-03-07T13:04:37.051] [DEBUG] cheese - null
[2021-03-07T13:04:37.051] [DEBUG] cheese - null
[2021-03-07T13:07:34.209] [DEBUG] cheese - login => username:admin,password:123456
[2021-03-07T13:07:34.209] [DEBUG] cheese - admin
[2021-03-07T13:07:34.212] [DEBUG] cheese - null
[2021-03-07T13:07:34.212] [DEBUG] cheese - null
[2021-03-07T13:08:04.160] [DEBUG] cheese - login => username:admin,password:123456
[2021-03-07T13:08:04.161] [DEBUG] cheese - admin
[2021-03-07T13:08:04.163] [DEBUG] cheese - null
[2021-03-07T13:08:04.163] [DEBUG] cheese - null
[2021-03-07T13:08:12.090] [DEBUG] cheese - login => username:admin,password:123456
[2021-03-07T13:08:12.090] [DEBUG] cheese - admin
[2021-03-07T13:08:12.092] [DEBUG] cheese - null
[2021-03-07T13:08:12.092] [DEBUG] cheese - null
[2021-03-07T13:09:17.772] [DEBUG] cheese - login => username:admin,password:123456
[2021-03-07T13:09:17.772] [DEBUG] cheese - admin
[2021-03-07T13:09:17.787] [DEBUG] cheese - null
[2021-03-07T13:09:17.787] [DEBUG] cheese - null
[2021-03-07T13:09:17.882] [DEBUG] cheese - login => username:admin,password:123456
[2021-03-07T13:09:17.882] [DEBUG] cheese - admin
[2021-03-07T13:09:17.884] [DEBUG] cheese - null
[2021-03-07T13:09:17.884] [DEBUG] cheese - null
[2021-03-07T13:09:20.540] [DEBUG] cheese - login => username:admin,password:123456
[2021-03-07T13:09:20.540] [DEBUG] cheese - admin
[2021-03-07T13:09:20.543] [DEBUG] cheese - null
[2021-03-07T13:09:20.544] [DEBUG] cheese - null
[2021-03-07T13:09:34.644] [DEBUG] cheese - login => username:admin,password:123456
[2021-03-07T13:09:34.644] [DEBUG] cheese - admin
[2021-03-07T13:09:34.648] [DEBUG] cheese - null
[2021-03-07T13:09:34.648] [DEBUG] cheese - null
[2021-03-07T13:09:39.124] [DEBUG] cheese - login => username:admin,password:123456
[2021-03-07T13:09:39.124] [DEBUG] cheese - admin
[2021-03-07T13:09:39.127] [DEBUG] cheese - null
[2021-03-07T13:09:39.127] [DEBUG] cheese - null
[2021-03-07T13:09:54.649] [DEBUG] cheese - login => username:admin,password:123456
[2021-03-07T13:09:54.649] [DEBUG] cheese - admin
[2021-03-07T13:09:54.652] [DEBUG] cheese - null
[2021-03-07T13:09:54.652] [DEBUG] cheese - null
[2021-03-07T13:10:20.645] [DEBUG] cheese - login => username:admin,password:123456
[2021-03-07T13:10:20.645] [DEBUG] cheese - admin
[2021-03-07T13:10:20.649] [DEBUG] cheese - null
[2021-03-07T13:10:20.649] [DEBUG] cheese - null
[2021-03-07T13:13:43.220] [DEBUG] cheese - login => username:admin,password:123456
[2021-03-07T13:13:43.220] [DEBUG] cheese - admin
[2021-03-07T13:13:43.224] [DEBUG] cheese - null
[2021-03-07T13:13:43.225] [DEBUG] cheese - null
[2021-03-07T13:15:40.691] [DEBUG] cheese - login => username:admin,password:123456
[2021-03-07T13:15:40.691] [DEBUG] cheese - admin
[2021-03-07T13:15:40.694] [DEBUG] cheese - null
[2021-03-07T13:15:40.694] [DEBUG] cheese - null
[2021-03-07T13:17:12.661] [DEBUG] cheese - login => username:admin,password:123456
[2021-03-07T13:17:12.661] [DEBUG] cheese - admin
[2021-03-07T13:17:12.684] [DEBUG] cheese - null
[2021-03-07T13:17:12.684] [DEBUG] cheese - null
[2021-03-07T13:17:12.782] [DEBUG] cheese - login => username:admin,password:123456
[2021-03-07T13:17:12.782] [DEBUG] cheese - admin
[2021-03-07T13:17:12.787] [DEBUG] cheese - null
[2021-03-07T13:17:12.788] [DEBUG] cheese - null
[2021-03-07T13:17:55.724] [DEBUG] cheese - login => username:admin,password:123456
[2021-03-07T13:17:55.724] [DEBUG] cheese - admin
[2021-03-07T13:17:55.726] [DEBUG] cheese - null
[2021-03-07T13:17:55.726] [DEBUG] cheese - null
[2021-03-07T13:17:55.826] [DEBUG] cheese - login => username:admin,password:123456
[2021-03-07T13:17:55.826] [DEBUG] cheese - admin
[2021-03-07T13:17:55.828] [DEBUG] cheese - null
[2021-03-07T13:17:55.829] [DEBUG] cheese - null
[2021-03-07T13:21:07.139] [DEBUG] cheese - login => username:admin,password:123456
[2021-03-07T13:21:07.139] [DEBUG] cheese - admin
[2021-03-07T13:21:07.153] [DEBUG] cheese - null
[2021-03-07T13:21:07.153] [DEBUG] cheese - null
[2021-03-08T00:11:29.720] [DEBUG] cheese - login => username:admin,password:123456
[2021-03-08T00:11:29.722] [DEBUG] cheese - admin
[2021-03-08T00:11:29.775] [DEBUG] cheese - null
[2021-03-08T00:11:29.775] [DEBUG] cheese - null
[2021-03-10T10:18:08.946] [DEBUG] cheese - login => username:admin,password:123456
[2021-03-10T10:18:08.947] [DEBUG] cheese - admin
[2021-03-10T10:18:09.178] [DEBUG] cheese - null
[2021-03-10T10:18:09.178] [DEBUG] cheese - null
[2021-03-11T16:18:14.378] [DEBUG] cheese - login => username:admin,password:123456
[2021-03-11T16:18:14.380] [DEBUG] cheese - admin
[2021-03-11T16:18:14.959] [DEBUG] cheese - null
[2021-03-11T16:18:14.960] [DEBUG] cheese - null
[2021-03-11T16:18:27.616] [DEBUG] cheese - login => username:admin,password:123456
[2021-03-11T16:18:27.616] [DEBUG] cheese - admin
[2021-03-11T16:18:27.619] [DEBUG] cheese - null
[2021-03-11T16:18:27.619] [DEBUG] cheese - null
[2021-03-11T16:37:43.830] [DEBUG] cheese - login => username:admin,password:123456
[2021-03-11T16:37:43.830] [DEBUG] cheese - admin
[2021-03-11T16:37:43.832] [DEBUG] cheese - null
[2021-03-11T16:37:43.833] [DEBUG] cheese - null
[2021-03-11T16:51:16.530] [DEBUG] cheese - login => username:admin,password:123456
[2021-03-11T16:51:16.531] [DEBUG] cheese - admin
[2021-03-11T16:51:16.535] [DEBUG] cheese - null
[2021-03-11T16:51:16.535] [DEBUG] cheese - null
[2021-03-11T18:28:48.944] [DEBUG] cheese - login => username:admin,password:123456
[2021-03-11T18:28:48.944] [DEBUG] cheese - admin
[2021-03-11T18:28:48.948] [DEBUG] cheese - null
[2021-03-11T18:28:48.948] [DEBUG] cheese - null
[2021-03-11T19:12:11.969] [DEBUG] cheese - login => username:admin,password:123456
[2021-03-11T19:12:11.970] [DEBUG] cheese - admin
[2021-03-11T19:12:11.973] [DEBUG] cheese - null
[2021-03-11T19:12:11.973] [DEBUG] cheese - null
[2021-03-11T19:22:15.339] [DEBUG] cheese - login => username:admin,password:123456
[2021-03-11T19:22:15.342] [DEBUG] cheese - admin
[2021-03-11T19:22:15.347] [DEBUG] cheese - null
[2021-03-11T19:22:15.348] [DEBUG] cheese - null
[2021-03-11T19:26:01.560] [DEBUG] cheese - login => username:admin,password:123456
[2021-03-11T19:26:01.560] [DEBUG] cheese - admin
[2021-03-11T19:26:01.562] [DEBUG] cheese - null
[2021-03-11T19:26:01.562] [DEBUG] cheese - null
[2021-03-11T19:27:35.006] [DEBUG] cheese - login => username:admin,password:123456
[2021-03-11T19:27:35.007] [DEBUG] cheese - admin
[2021-03-11T19:27:35.011] [DEBUG] cheese - null
[2021-03-11T19:27:35.011] [DEBUG] cheese - null
[2021-03-29T19:08:12.492] [DEBUG] cheese - login => username:admin,password:123456
[2021-03-29T19:08:12.495] [DEBUG] cheese - admin
[2021-03-29T19:08:24.610] [DEBUG] cheese - null
[2021-03-29T19:08:24.611] [DEBUG] cheese - null
[2021-03-29T19:56:14.763] [DEBUG] cheese - login => username:admin,password:123456
[2021-03-29T19:56:14.763] [DEBUG] cheese - admin
[2021-03-29T19:56:14.794] [DEBUG] cheese - null
[2021-03-29T19:56:14.794] [DEBUG] cheese - null
[2021-03-29T20:11:54.556] [DEBUG] cheese - login => username:admin,password:123456
[2021-03-29T20:11:54.556] [DEBUG] cheese - admin
[2021-03-29T20:11:54.564] [DEBUG] cheese - null
[2021-03-29T20:11:54.564] [DEBUG] cheese - null
[2021-03-29T20:12:13.071] [DEBUG] cheese - login => username:admin,password:123456
[2021-03-29T20:12:13.071] [DEBUG] cheese - admin
[2021-03-29T20:12:13.074] [DEBUG] cheese - null
[2021-03-29T20:12:13.075] [DEBUG] cheese - null
[2021-03-29T20:12:14.325] [DEBUG] cheese - login => username:admin,password:123456
[2021-03-29T20:12:14.325] [DEBUG] cheese - admin
[2021-03-29T20:12:14.336] [DEBUG] cheese - null
[2021-03-29T20:12:14.337] [DEBUG] cheese - null
[2021-03-29T20:12:15.737] [DEBUG] cheese - login => username:admin,password:123456
[2021-03-29T20:12:15.738] [DEBUG] cheese - admin
[2021-03-29T20:12:15.741] [DEBUG] cheese - null
[2021-03-29T20:12:15.741] [DEBUG] cheese - null
[2021-03-29T20:12:20.339] [DEBUG] cheese - login => username:admin,password:123456
[2021-03-29T20:12:20.339] [DEBUG] cheese - admin
[2021-03-29T20:12:20.341] [DEBUG] cheese - null
[2021-03-29T20:12:20.341] [DEBUG] cheese - null
[2021-03-29T20:12:21.797] [DEBUG] cheese - login => username:admin,password:123456
[2021-03-29T20:12:21.797] [DEBUG] cheese - admin
[2021-03-29T20:12:21.802] [DEBUG] cheese - null
[2021-03-29T20:12:21.803] [DEBUG] cheese - null
[2021-03-29T20:12:23.543] [DEBUG] cheese - login => username:admin,password:123456
[2021-03-29T20:12:23.543] [DEBUG] cheese - admin
[2021-03-29T20:12:23.548] [DEBUG] cheese - null
[2021-03-29T20:12:23.548] [DEBUG] cheese - null
[2021-03-29T20:12:24.719] [DEBUG] cheese - login => username:admin,password:123456
[2021-03-29T20:12:24.719] [DEBUG] cheese - admin
[2021-03-29T20:12:24.725] [DEBUG] cheese - null
[2021-03-29T20:12:24.725] [DEBUG] cheese - null
[2021-03-29T20:12:34.383] [DEBUG] cheese - login => username:admin,password:123456
[2021-03-29T20:12:34.383] [DEBUG] cheese - admin
[2021-03-29T20:12:34.399] [DEBUG] cheese - null
[2021-03-29T20:12:34.399] [DEBUG] cheese - null
[2021-03-29T20:13:00.808] [DEBUG] cheese - login => username:admin,password:123456
[2021-03-29T20:13:00.808] [DEBUG] cheese - admin
[2021-03-29T20:13:00.814] [DEBUG] cheese - null
[2021-03-29T20:13:00.814] [DEBUG] cheese - null
[2021-03-29T23:08:00.794] [DEBUG] cheese - login => username:admin,password:123456
[2021-03-29T23:08:00.796] [DEBUG] cheese - admin
[2021-03-29T23:08:00.809] [DEBUG] cheese - null
[2021-03-29T23:08:00.810] [DEBUG] cheese - null
[2021-05-17T10:38:03.610] [DEBUG] cheese - login => username:admin,password:123456
[2021-05-17T10:38:03.612] [DEBUG] cheese - admin
[2021-05-17T10:38:03.733] [DEBUG] cheese - null
[2021-05-17T10:38:03.733] [DEBUG] cheese - null
[2021-05-17T10:38:22.998] [DEBUG] cheese - login => username:admin,password:123456
[2021-05-17T10:38:22.999] [DEBUG] cheese - admin
[2021-05-17T10:38:23.002] [DEBUG] cheese - null
[2021-05-17T10:38:23.002] [DEBUG] cheese - null
[2021-05-17T10:40:32.695] [DEBUG] cheese - login => username:admin,password:123456
[2021-05-17T10:40:32.695] [DEBUG] cheese - admin
[2021-05-17T10:40:32.698] [DEBUG] cheese - null
[2021-05-17T10:40:32.698] [DEBUG] cheese - null
[2021-05-17T10:44:24.761] [DEBUG] cheese - login => username:admin,password:123456
[2021-05-17T10:44:24.761] [DEBUG] cheese - admin
[2021-05-17T10:44:24.768] [DEBUG] cheese - null
[2021-05-17T10:44:24.768] [DEBUG] cheese - null
[2021-05-17T10:47:29.328] [DEBUG] cheese - login => username:admin,password:123456
[2021-05-17T10:47:29.328] [DEBUG] cheese - admin
[2021-05-17T10:47:29.331] [DEBUG] cheese - null
[2021-05-17T10:47:29.331] [DEBUG] cheese - null
[2021-06-10T02:10:43.314] [DEBUG] cheese - login => username:admin,password:123456
[2021-06-10T02:10:43.316] [DEBUG] cheese - admin
[2021-06-10T02:10:43.532] [DEBUG] cheese - null
[2021-06-10T02:10:43.533] [DEBUG] cheese - null
[2022-02-14T21:18:19.819] [DEBUG] cheese - login => username:admin,password:123456
[2022-02-14T21:18:19.821] [DEBUG] cheese - admin
[2022-02-14T21:18:20.260] [DEBUG] cheese - null
[2022-02-14T21:18:20.262] [DEBUG] cheese - null
[2022-02-14T21:31:02.507] [DEBUG] cheese - login => username:admin,password:123456
[2022-02-14T21:31:02.509] [DEBUG] cheese - admin
[2022-02-14T21:31:02.528] [DEBUG] cheese - null
[2022-02-14T21:31:02.528] [DEBUG] cheese - null
[2022-02-14T21:32:10.685] [DEBUG] cheese - login => username:admin,password:123456
[2022-02-14T21:32:10.685] [DEBUG] cheese - admin
[2022-02-14T21:32:10.689] [DEBUG] cheese - null
[2022-02-14T21:32:10.689] [DEBUG] cheese - null
